#
# There is insufficient memory for the Java Runtime Environment to continue.
# Native memory allocation (malloc) failed to allocate 1048576 bytes for AllocateHeap
# Possible reasons:
#   The system is out of physical RAM or swap space
#   The process is running with CompressedOops enabled, and the Java Heap may be blocking the growth of the native heap
# Possible solutions:
#   Reduce memory load on the system
#   Increase physical memory or swap space
#   Check if swap backing store is full
#   Decrease Java heap size (-Xmx/-Xms)
#   Decrease number of Java threads
#   Decrease Java thread stack sizes (-Xss)
#   Set larger code cache with -XX:ReservedCodeCacheSize=
#   JVM is running with Zero Based Compressed Oops mode in which the Java heap is
#     placed in the first 32GB address space. The Java Heap base address is the
#     maximum limit for the native heap growth. Please use -XX:HeapBaseMinAddress
#     to set the Java Heap base and to place the Java Heap above 32GB virtual address.
# This output file may be truncated or incomplete.
#
#  Out of Memory Error (memory/allocation.inline.hpp:61), pid=21168, tid=0x0000000000000668
#
# JRE version:  (8.0_201-b09) (build )
# Java VM: Java HotSpot(TM) 64-Bit Server VM (25.201-b09 mixed mode windows-amd64 compressed oops)
# Failed to write core dump. Minidumps are not enabled by default on client versions of Windows
#

---------------  T H R E A D  ---------------

Current thread (0x0000000003584000):  JavaThread "Unknown thread" [_thread_in_vm, id=1640, stack(0x0000000002f50000,0x0000000003050000)]

Stack: [0x0000000002f50000,0x0000000003050000]
[error occurred during error reporting (printing stack bounds), id 0xc0000005]

Native frames: (J=compiled Java code, j=interpreted, Vv=VM code, C=native code)


---------------  P R O C E S S  ---------------

Java Threads: ( => current thread )

Other Threads:

=>0x0000000003584000 (exited) JavaThread "Unknown thread" [_thread_in_vm, id=1640, stack(0x0000000002f50000,0x0000000003050000)]

VM state:not at safepoint (normal execution)

VM Mutex/Monitor currently owned by a thread: None

heap address: 0x00000006c1e00000, size: 4066 MB, Compressed Oops mode: Zero based, Oop shift amount: 3
Narrow klass base: 0x0000000000000000, Narrow klass shift: 3
Compressed class space size: 1073741824 Address: 0x00000007c0000000

Heap:
 PSYoungGen      total 76288K, used 1310K [0x000000076b500000, 0x0000000770a00000, 0x00000007c0000000)
  eden space 65536K, 2% used [0x000000076b500000,0x000000076b647af0,0x000000076f500000)
  from space 10752K, 0% used [0x000000076ff80000,0x000000076ff80000,0x0000000770a00000)
  to   space 10752K, 0% used [0x000000076f500000,0x000000076f500000,0x000000076ff80000)
 ParOldGen       total 175104K, used 0K [0x00000006c1e00000, 0x00000006cc900000, 0x000000076b500000)
  object space 175104K, 0% used [0x00000006c1e00000,0x00000006c1e00000,0x00000006cc900000)
 Metaspace       used 775K, capacity 4480K, committed 4480K, reserved 1056768K
  class space    used 76K, capacity 384K, committed 384K, reserved 1048576K

Card table byte_map: [0x0000000012a40000,0x0000000013240000] byte_map_base: 0x000000000f431000

Marking Bits: (ParMarkBitMap*) 0x00000000513f4ce0
 Begin Bits: [0x0000000013f90000, 0x0000000017f18000)
 End Bits:   [0x0000000017f18000, 0x000000001bea0000)

Polling page: 0x0000000001770000

CodeCache: size=245760Kb used=328Kb max_used=328Kb free=245431Kb
 bounds [0x0000000003680000, 0x00000000038f0000, 0x0000000012680000]
 total_blobs=58 nmethods=0 adapters=38
 compilation: enabled

Compilation events (0 events):
No events

GC Heap History (0 events):
No events

Deoptimization events (0 events):
No events

Classes redefined (0 events):
No events

Internal exceptions (0 events):
No events

Events (10 events):
Event: 0.017 loading class java/lang/Short
Event: 0.017 loading class java/lang/Short done
Event: 0.017 loading class java/lang/Integer
Event: 0.017 loading class java/lang/Integer done
Event: 0.017 loading class java/lang/Long
Event: 0.017 loading class java/lang/Long done
Event: 0.017 loading class java/lang/NullPointerException
Event: 0.017 loading class java/lang/NullPointerException done
Event: 0.017 loading class java/lang/ArithmeticException
Event: 0.017 loading class java/lang/ArithmeticException done


Dynamic libraries:
0x00007ff644c00000 - 0x00007ff644c37000 	C:\Program Files\Java\jdk1.8.0_201\bin\java.exe
0x00007ffa66ac0000 - 0x00007ffa66cb0000 	C:\WINDOWS\SYSTEM32\ntdll.dll
0x00007ffa66370000 - 0x00007ffa66422000 	C:\WINDOWS\System32\KERNEL32.DLL
0x00007ffa63a40000 - 0x00007ffa63ce4000 	C:\WINDOWS\System32\KERNELBASE.dll
0x00007ffa66900000 - 0x00007ffa669a3000 	C:\WINDOWS\System32\ADVAPI32.dll
0x00007ffa65530000 - 0x00007ffa655ce000 	C:\WINDOWS\System32\msvcrt.dll
0x00007ffa66430000 - 0x00007ffa664c7000 	C:\WINDOWS\System32\sechost.dll
0x00007ffa655d0000 - 0x00007ffa656f0000 	C:\WINDOWS\System32\RPCRT4.dll
0x00007ffa65ee0000 - 0x00007ffa66075000 	C:\WINDOWS\System32\USER32.dll
0x00007ffa64ad0000 - 0x00007ffa64af1000 	C:\WINDOWS\System32\win32u.dll
0x00007ffa668d0000 - 0x00007ffa668f6000 	C:\WINDOWS\System32\GDI32.dll
0x00007ffa63e40000 - 0x00007ffa63fd6000 	C:\WINDOWS\System32\gdi32full.dll
0x00007ffa640c0000 - 0x00007ffa6415e000 	C:\WINDOWS\System32\msvcp_win.dll
0x00007ffa64160000 - 0x00007ffa6425a000 	C:\WINDOWS\System32\ucrtbase.dll
0x00007ffa4e500000 - 0x00007ffa4e784000 	C:\WINDOWS\WinSxS\amd64_microsoft.windows.common-controls_6595b64144ccf1df_6.0.18362.1016_none_9e7a36bbe461dae4\COMCTL32.dll
0x00007ffa66590000 - 0x00007ffa668c5000 	C:\WINDOWS\System32\combase.dll
0x00007ffa63fe0000 - 0x00007ffa64060000 	C:\WINDOWS\System32\bcryptPrimitives.dll
0x00007ffa656f0000 - 0x00007ffa6571e000 	C:\WINDOWS\System32\IMM32.DLL
0x00000000518f0000 - 0x00000000519c1000 	C:\Program Files\Java\jdk1.8.0_201\jre\bin\msvcr100.dll
0x0000000050bd0000 - 0x0000000051474000 	C:\Program Files\Java\jdk1.8.0_201\jre\bin\server\jvm.dll
0x00007ffa64b70000 - 0x00007ffa64b78000 	C:\WINDOWS\System32\PSAPI.DLL
0x00007ffa61530000 - 0x00007ffa61554000 	C:\WINDOWS\SYSTEM32\WINMM.dll
0x00007ffa40ac0000 - 0x00007ffa40ac9000 	C:\WINDOWS\SYSTEM32\WSOCK32.dll
0x00007ffa5c920000 - 0x00007ffa5c92a000 	C:\WINDOWS\SYSTEM32\VERSION.dll
0x00007ffa65720000 - 0x00007ffa6578f000 	C:\WINDOWS\System32\WS2_32.dll
0x00007ffa61420000 - 0x00007ffa6144d000 	C:\WINDOWS\SYSTEM32\WINMMBASE.dll
0x00007ffa64b20000 - 0x00007ffa64b6a000 	C:\WINDOWS\System32\cfgmgr32.dll
0x00007ffa5c310000 - 0x00007ffa5c31f000 	C:\Program Files\Java\jdk1.8.0_201\jre\bin\verify.dll
0x00007ffa55dc0000 - 0x00007ffa55de9000 	C:\Program Files\Java\jdk1.8.0_201\jre\bin\java.dll
0x00007ffa5c3a0000 - 0x00007ffa5c3c3000 	C:\Program Files\Java\jdk1.8.0_201\jre\bin\instrument.dll
0x00007ffa55e60000 - 0x00007ffa55e76000 	C:\Program Files\Java\jdk1.8.0_201\jre\bin\zip.dll

VM Arguments:
jvm_args: -javaagent:C:\Program Files\JetBrains\IntelliJ IDEA 2019.3.1\lib\idea_rt.jar=1487:C:\Program Files\JetBrains\IntelliJ IDEA 2019.3.1\bin -Dfile.encoding=UTF-8 
java_command: com.企业面试题.nc14
java_class_path (initial): C:\Program Files\Java\jdk1.8.0_201\jre\lib\charsets.jar;C:\Program Files\Java\jdk1.8.0_201\jre\lib\deploy.jar;C:\Program Files\Java\jdk1.8.0_201\jre\lib\ext\access-bridge-64.jar;C:\Program Files\Java\jdk1.8.0_201\jre\lib\ext\cldrdata.jar;C:\Program Files\Java\jdk1.8.0_201\jre\lib\ext\dnsns.jar;C:\Program Files\Java\jdk1.8.0_201\jre\lib\ext\jaccess.jar;C:\Program Files\Java\jdk1.8.0_201\jre\lib\ext\jfxrt.jar;C:\Program Files\Java\jdk1.8.0_201\jre\lib\ext\localedata.jar;C:\Program Files\Java\jdk1.8.0_201\jre\lib\ext\nashorn.jar;C:\Program Files\Java\jdk1.8.0_201\jre\lib\ext\sunec.jar;C:\Program Files\Java\jdk1.8.0_201\jre\lib\ext\sunjce_provider.jar;C:\Program Files\Java\jdk1.8.0_201\jre\lib\ext\sunmscapi.jar;C:\Program Files\Java\jdk1.8.0_201\jre\lib\ext\sunpkcs11.jar;C:\Program Files\Java\jdk1.8.0_201\jre\lib\ext\zipfs.jar;C:\Program Files\Java\jdk1.8.0_201\jre\lib\javaws.jar;C:\Program Files\Java\jdk1.8.0_201\jre\lib\jce.jar;C:\Program Files\Java\jdk1.8.0_201\jre\lib\jfr.jar;C:\Program Files\Java\jdk1.8.0_201\jre\lib\jfxswt.jar;C:\Program Files\Java\jdk1.8.0_201\jre\lib\jsse.jar;C:\Program Files\Java\jdk1.8.0_201\jre\lib\management-agent.jar;C:\Program Files\Java\jdk1.8.0_201\jre\lib\plugin.jar;C:\Program Files\Java\jdk1.8.0_201\jre\lib\resources.jar;C:\Program Files\Java\jdk1.8.0_201\jre\lib\rt.jar;D:\task\java\interviewStudy\out\production\interviewStudy;D:\java\apache-maven-3.6.3\mvnrep\junit\junit\4.12\junit-4.12.jar;D:\java\apache-maven-3.6.3\mvnrep\org\hamcrest\hamcrest-core\1.3\hamcrest-core-1.3.jar;C:\Program Files\JetBrains\IntelliJ IDEA 2019.3.1\lib\idea_rt.jar
Launcher Type: SUN_STANDARD

Environment Variables:
JAVA_HOME=C:\Program Files\Java\jdk1.8.0_201
CLASSPATH=C:\Program Files\Java\jdk1.8.0_201\lib;D:\java\apache-tomcat-7.0.100\lib\servlet-api.jar;
USERNAME=Yang
OS=Windows_NT
PROCESSOR_IDENTIFIER=Intel64 Family 6 Model 158 Stepping 10, GenuineIntel



---------------  S Y S T E M  ---------------

OS: Windows 10.0 , 64 bit Build 18362 (10.0.18362.959)

CPU:total 8 (initial active 8) (4 cores per cpu, 2 threads per core) family 6 model 158 stepping 10, cmov, cx8, fxsr, mmx, sse, sse2, sse3, ssse3, sse4.1, sse4.2, popcnt, avx, avx2, aes, clmul, erms, 3dnowpref, lzcnt, ht, tsc, tscinvbit, bmi1, bmi2, adx

Memory: 4k page, physical 16649812k(7945312k free), swap 18746964k(5696k free)

vm_info: Java HotSpot(TM) 64-Bit Server VM (25.201-b09) for windows-amd64 JRE (1.8.0_201-b09), built on Dec 15 2018 18:36:39 by "java_re" with MS VC++ 10.0 (VS2010)

time: Tue Oct 27 21:45:41 2020
timezone: 中国标准时间
elapsed time: 0 seconds (0d 0h 0m 0s)

